Arguments: 
  C:\Program Files\nodejs\node.exe C:\Users\rosilene.signorelli_\AppData\Roaming\npm\node_modules\yarn\bin\yarn.js -g install

PATH: 
  C:\Windows\system32;C:\Windows;C:\Windows\System32\Wbem;C:\Windows\System32\WindowsPowerShell\v1.0\;C:\Windows\System32\OpenSSH\;C:\ProgramData\chocolatey\bin;C:\Program Files\nodejs\;C:\Users\rosilene.signorelli_\AppData\Local\Microsoft\WindowsApps;C:\Users\rosilene.signorelli_\AppData\Local\Programs\Microsoft VS Code\bin;C:\Users\rosilene.signorelli_\AppData\Local\Programs\Git\cmd;C:\Users\rosilene.signorelli_\AppData\Local\GitHubDesktop\bin;C:\Users\rosilene.signorelli_\AppData\Roaming\npm

Yarn version: 
  1.22.18

Node version: 
  16.14.2

Platform: 
  win32 x64

Trace: 
  Error: self signed certificate in certificate chain
      at TLSSocket.onConnectSecure (node:_tls_wrap:1530:34)
      at TLSSocket.emit (node:events:526:28)
      at TLSSocket._finishInit (node:_tls_wrap:944:8)
      at TLSWrap.ssl.onhandshakedone (node:_tls_wrap:725:12)

npm manifest: 
  {
    "name": "vue-project",
    "version": "0.0.0",
    "scripts": {
      "dev": "vite",
      "build": "vite build",
      "preview": "vite preview --port 5050"
    },
    "dependencies": {
      "vue": "^3.2.33",
      "vue-router": "^4.0.14"
    },
    "devDependencies": {
      "@vitejs/plugin-vue": "^2.3.1",
      "vite": "^2.9.5"
    }
  }

yarn manifest: 
  No manifest

Lockfile: 
  No lockfile
